Arguments: 
  /usr/local/Cellar/node/7.9.0/bin/node /usr/local/bin/yarn add -D eslint-plugin-jsx-a11y

PATH: 
  /usr/local/bin:/usr/bin:/bin:/usr/sbin:/sbin:/opt/X11/bin:/usr/local/share/dotnet:/usr/local/git/bin:/Library/Frameworks/Mono.framework/Versions/Current/Commands:/usr/local/opt/gettext/bin:/Users/dumeng/perl5/bin:/Users/dumeng/.nvm/versions/node/v7.7.2/bin:/usr/local/activator-dist-1.3.11/bin:/usr/local/opt/sqlite/bin:/Users/dumeng/Develop/scala-2.11.8//bin:/Users/dumeng/Develop/apache-cassandra-3.7//bin:/Users/dumeng/Develop/gradle-2.14//bin:/Users/dumeng/Library/Android/sdk//tools:/Users/dumeng/Library/Android/sdk//platform-tools:/Users/dumeng/Library/Android/sdk/:/Users/dumeng/Develop/NDK/android-ndk-r10e:/Users/dumeng/.cargo/bin:/Users/dumeng/.rvm/gems/ruby-2.3.0/bin:/Users/dumeng/.rvm/gems/ruby-2.3.0@global/bin:/Users/dumeng/.rvm/rubies/ruby-2.3.0/bin:/Users/dumeng/.rvm/bin:/Users/dumeng/bin:/usr/local/Cellar/node/7.9.0/bin:/Users/dumeng/.rvm/gems/ruby-2.3.0/gems:/Library/Frameworks/Mono.framework/Versions/Current/bin:.:/Users/dumeng/.m2/repository/:/User/dumeng/Develop/j3d/j3dcore.jar:/User/dumeng/Develop/j3d/j3dutils.jar:/User/dumeng/Develop/j3d/vecmath.jar

Yarn version: 
  0.23.2

Node version: 
  7.9.0

Platform: 
  darwin x64

npm manifest: 
  {
    "name": "electron-quick-start",
    "version": "1.0.0",
    "description": "A minimal Electron application",
    "main": "main.js",
    "scripts": {
      "start": "electron ."
    },
    "repository": "https://github.com/electron/electron-quick-start",
    "keywords": [
      "Electron",
      "quick",
      "start",
      "tutorial",
      "demo"
    ],
    "author": "GitHub",
    "license": "CC0-1.0",
    "devDependencies": {
      "electron": "~1.6.2",
      "eslint": "^3.19.0",
      "eslint-config-airbnb": "^14.1.0",
      "eslint-plugin-react": "^6.10.3"
    }
  }

yarn manifest: 
  No manifest

Lockfile: 
  No lockfile

Trace: 
  Error: getaddrinfo ENOTFOUND registry.yarnpkg.com registry.yarnpkg.com:443
      at errnoException (dns.js:28:10)
      at GetAddrInfoReqWrap.onlookup [as oncomplete] (dns.js:73:26)
